Using pre-set license
Built from '2020.2/staging' branch; Version is '2020.2.3f1 (8ff31bc5bf5b) revision 9433883'; Using compiler version '192528614'; Build Type 'Release'
OS: 'Windows 10 Home; OS build 19041.867; Version 2004; 64bit' Language: 'en' Physical Memory: 16326 MB
BatchMode: 1, IsHumanControllingUs: 0, StartBugReporterOnCrash: 0, Is64bit: 1, IsPro: 0

 COMMAND LINE ARGUMENTS:
C:\Program Files\Unity\Hub\Editor\2020.2.3f1\Editor\Unity.exe
-adb2
-batchMode
-noUpm
-name
AssetImportWorker0
-projectPath
C:/Users/Joshua Verhoeff/Documents/Year4_Semester_1/Interactive_Media/lab-04-05-06-J-Verhoeff/3D_Platformer
-logFile
Logs/AssetImportWorker0.log
-srvPort
56767
Successfully changed project path to: C:/Users/Joshua Verhoeff/Documents/Year4_Semester_1/Interactive_Media/lab-04-05-06-J-Verhoeff/3D_Platformer
C:/Users/Joshua Verhoeff/Documents/Year4_Semester_1/Interactive_Media/lab-04-05-06-J-Verhoeff/3D_Platformer
Using Asset Import Pipeline V2.
Refreshing native plugins compatible for Editor in 33.89 ms, found 0 plugins.
Preloading 0 native plugins for Editor in 0.00 ms.
Initialize engine version: 2020.2.3f1 (8ff31bc5bf5b)
[Subsystems] Discovering subsystems at path C:/Program Files/Unity/Hub/Editor/2020.2.3f1/Editor/Data/Resources/UnitySubsystems
[Subsystems] Discovering subsystems at path C:/Users/Joshua Verhoeff/Documents/Year4_Semester_1/Interactive_Media/lab-04-05-06-J-Verhoeff/3D_Platformer/Assets
GfxDevice: creating device client; threaded=0
Direct3D:
    Version:  Direct3D 11.0 [level 11.1]
    Renderer: NVIDIA GeForce RTX 2060 SUPER (ID=0x1f06)
    Vendor:   
    VRAM:     8031 MB
    Driver:   27.21.14.6192
Initialize mono
Mono path[0] = 'C:/Program Files/Unity/Hub/Editor/2020.2.3f1/Editor/Data/Managed'
Mono path[1] = 'C:/Program Files/Unity/Hub/Editor/2020.2.3f1/Editor/Data/MonoBleedingEdge/lib/mono/unityjit'
Mono config path = 'C:/Program Files/Unity/Hub/Editor/2020.2.3f1/Editor/Data/MonoBleedingEdge/etc'
Using monoOptions --debugger-agent=transport=dt_socket,embedding=1,server=y,suspend=n,address=127.0.0.1:56316
Begin MonoManager ReloadAssembly
Registering precompiled unity dll's ...
Register platform support module: C:/Program Files/Unity/Hub/Editor/2020.2.3f1/Editor/Data/PlaybackEngines/WindowsStandaloneSupport/UnityEditor.WindowsStandalone.Extensions.dll
Registered in 0.002018 seconds.
Native extension for WindowsStandalone target not found
Refreshing native plugins compatible for Editor in 34.51 ms, found 0 plugins.
Preloading 0 native plugins for Editor in 0.00 ms.
Invoked RoslynAnalysisRunner static constructor.
RoslynAnalysisRunner will not be running.
RoslynAnalysisRunner has terminated.
Mono: successfully reloaded assembly
- Completed reload, in  0.915 seconds
Platform modules already initialized, skipping
Registering precompiled user dll's ...
Registered in 0.001356 seconds.
Begin MonoManager ReloadAssembly
Native extension for WindowsStandalone target not found
Refreshing native plugins compatible for Editor in 37.12 ms, found 0 plugins.
Preloading 0 native plugins for Editor in 0.00 ms.
Invoked RoslynAnalysisRunner static constructor.
RoslynAnalysisRunner will not be running.
RoslynAnalysisRunner has terminated.
Mono: successfully reloaded assembly
- Completed reload, in  0.756 seconds
Platform modules already initialized, skipping
========================================================================
Worker process is ready to serve import requests
Shader 'Universal Render Pipeline/Particles/Lit': fallback shader 'Universal Render Pipeline/Particles/SimpleLit' not found
Shader 'Universal Render Pipeline/Particles/Lit': fallback shader 'Universal Render Pipeline/Particles/SimpleLit' not found
Launched and connected shader compiler UnityShaderCompiler.exe after 0.04 seconds
Refreshing native plugins compatible for Editor in 0.41 ms, found 0 plugins.
Preloading 0 native plugins for Editor in 0.00 ms.
Unloading 2563 Unused Serialized files (Serialized files now loaded: 0)
System memory in use before: 127.5 MB.
System memory in use after: 126.5 MB.

Unloading 35 unused Assets to reduce memory usage. Loaded Objects now: 2992.
Total: 2.366600 ms (FindLiveObjects: 0.246500 ms CreateObjectMapping: 0.117200 ms MarkObjects: 1.465900 ms  DeleteObjects: 0.536100 ms)

========================================================================
Received Import Request.
  path: Assets/Ch14_nonPBR.fbx
  artifactKey: Guid(5664645d7540cba4ab941546ef96f98e) Importer(815301076,1909f56bfc062723c751e8b465ee728b)
Start importing Assets/Ch14_nonPBR.fbx using Guid(5664645d7540cba4ab941546ef96f98e) Importer(815301076,1909f56bfc062723c751e8b465ee728b)  -> (artifact id: '4d771001c4ccc9bc1412a1d6cb17f649') in 7.681640 seconds
  Import took 7.688306 seconds .

========================================================================
Received Import Request.
  Time since last request: 147.824114 seconds.
  path: Assets/Ch14_nonPBR.fbx
  artifactKey: Guid(5664645d7540cba4ab941546ef96f98e) Importer(815301076,1909f56bfc062723c751e8b465ee728b)
Start importing Assets/Ch14_nonPBR.fbx using Guid(5664645d7540cba4ab941546ef96f98e) Importer(815301076,1909f56bfc062723c751e8b465ee728b)  -> (artifact id: 'b171e9396a5acf6a2a6be541e720869b') in 0.050373 seconds
  Import took 0.053862 seconds .

========================================================================
Received Import Request.
  Time since last request: 12.339215 seconds.
  path: Assets/Ch14_nonPBR.fbx
  artifactKey: Guid(5664645d7540cba4ab941546ef96f98e) Importer(815301076,1909f56bfc062723c751e8b465ee728b)
Start importing Assets/Ch14_nonPBR.fbx using Guid(5664645d7540cba4ab941546ef96f98e) Importer(815301076,1909f56bfc062723c751e8b465ee728b)  -> (artifact id: '9c0fe5fb73e3cbbf72632b2b06ff4f2c') in 0.057290 seconds
  Import took 0.061514 seconds .

========================================================================
Received Import Request.
  Time since last request: 63.051187 seconds.
  path: Assets/Ch14_nonPBR.fbx
  artifactKey: Guid(5664645d7540cba4ab941546ef96f98e) Importer(815301076,1909f56bfc062723c751e8b465ee728b)
Start importing Assets/Ch14_nonPBR.fbx using Guid(5664645d7540cba4ab941546ef96f98e) Importer(815301076,1909f56bfc062723c751e8b465ee728b)  -> (artifact id: 'c379270adfa67baaa844d616d1db0a0d') in 0.079759 seconds
  Import took 0.084007 seconds .

========================================================================
Received Import Request.
  Time since last request: 62.778630 seconds.
  path: Assets/Ch14_nonPBR.fbx
  artifactKey: Guid(5664645d7540cba4ab941546ef96f98e) Importer(815301076,1909f56bfc062723c751e8b465ee728b)
Start importing Assets/Ch14_nonPBR.fbx using Guid(5664645d7540cba4ab941546ef96f98e) Importer(815301076,1909f56bfc062723c751e8b465ee728b)  -> (artifact id: 'e77e05620adc4530797ffe06d3dd3a0f') in 0.061126 seconds
  Import took 0.070853 seconds .

========================================================================
Received Import Request.
  Time since last request: 116.047157 seconds.
  path: Assets/Animations
  artifactKey: Guid(7d66fb31e64ab2249afd37c198a1c1cf) Importer(815301076,1909f56bfc062723c751e8b465ee728b)
Start importing Assets/Animations using Guid(7d66fb31e64ab2249afd37c198a1c1cf) Importer(815301076,1909f56bfc062723c751e8b465ee728b)  -> (artifact id: '56153a5afb488b4b816e4371f975251c') in 0.002216 seconds
  Import took 0.005524 seconds .

========================================================================
Received Import Request.
  Time since last request: 0.003437 seconds.
  path: Assets/Animations
  artifactKey: Guid(7d66fb31e64ab2249afd37c198a1c1cf) Importer(815301076,1909f56bfc062723c751e8b465ee728b)
Start importing Assets/Animations using Guid(7d66fb31e64ab2249afd37c198a1c1cf) Importer(815301076,1909f56bfc062723c751e8b465ee728b)  -> (artifact id: '56153a5afb488b4b816e4371f975251c') in 0.001813 seconds
  Import took 0.005102 seconds .

========================================================================
Received Import Request.
  Time since last request: 0.124910 seconds.
  path: Assets/Animations/Ch14_nonPBR@Drunk Run Forward.fbx
  artifactKey: Guid(39b17d82f9d8c2c4899e2f110840c1f8) Importer(815301076,1909f56bfc062723c751e8b465ee728b)
Start importing Assets/Animations/Ch14_nonPBR@Drunk Run Forward.fbx using Guid(39b17d82f9d8c2c4899e2f110840c1f8) Importer(815301076,1909f56bfc062723c751e8b465ee728b)  -> (artifact id: 'ebd618351c14ff47e18570db2df86c6a') in 0.050201 seconds
  Import took 0.054609 seconds .

========================================================================
Received Import Request.
  Time since last request: 0.000251 seconds.
  path: Assets/Animations/Ch14_nonPBR@Victory.fbx
  artifactKey: Guid(c6d64ecc1938b6948bfec7bd902cb59b) Importer(815301076,1909f56bfc062723c751e8b465ee728b)
Start importing Assets/Animations/Ch14_nonPBR@Victory.fbx using Guid(c6d64ecc1938b6948bfec7bd902cb59b) Importer(815301076,1909f56bfc062723c751e8b465ee728b)  -> (artifact id: '9e34f5996c5a281b6b9bdfa5252cefa1') in 0.039383 seconds
  Import took 0.043412 seconds .

========================================================================
Received Import Request.
  Time since last request: 0.000209 seconds.
  path: Assets/Animations/Ch14_nonPBR@Falling Idle.fbx
  artifactKey: Guid(6502022631118404fb5e970368360575) Importer(815301076,1909f56bfc062723c751e8b465ee728b)
Start importing Assets/Animations/Ch14_nonPBR@Falling Idle.fbx using Guid(6502022631118404fb5e970368360575) Importer(815301076,1909f56bfc062723c751e8b465ee728b)  -> (artifact id: '70a5fc4ea3aa2faae695a4fd8242fd0c') in 0.036591 seconds
  Import took 0.040649 seconds .

========================================================================
Received Import Request.
  Time since last request: 0.000197 seconds.
  path: Assets/Animations/Ch14_nonPBR@Jumping Up.fbx
  artifactKey: Guid(e51ccf4af34fb3e4db86dd596bed1017) Importer(815301076,1909f56bfc062723c751e8b465ee728b)
Start importing Assets/Animations/Ch14_nonPBR@Jumping Up.fbx using Guid(e51ccf4af34fb3e4db86dd596bed1017) Importer(815301076,1909f56bfc062723c751e8b465ee728b)  -> (artifact id: '2569f3f20582c7c55f8abc963b674f67') in 0.035648 seconds
  Import took 0.039753 seconds .

========================================================================
Received Import Request.
  Time since last request: 0.000209 seconds.
  path: Assets/Animations/Ch14_nonPBR@Idle.fbx
  artifactKey: Guid(64dd93e93f6575545b4ef5fae5ca10f7) Importer(815301076,1909f56bfc062723c751e8b465ee728b)
Start importing Assets/Animations/Ch14_nonPBR@Idle.fbx using Guid(64dd93e93f6575545b4ef5fae5ca10f7) Importer(815301076,1909f56bfc062723c751e8b465ee728b)  -> (artifact id: '928ac1c8f192aaf6eb9bff3ae1de3ba4') in 0.037032 seconds
  Import took 0.041088 seconds .

========================================================================
Received Import Request.
  Time since last request: 58.218972 seconds.
  path: Assets/Animations/Ch14_nonPBR@Drunk Run Forward.fbx
  artifactKey: Guid(39b17d82f9d8c2c4899e2f110840c1f8) Importer(815301076,1909f56bfc062723c751e8b465ee728b)
Start importing Assets/Animations/Ch14_nonPBR@Drunk Run Forward.fbx using Guid(39b17d82f9d8c2c4899e2f110840c1f8) Importer(815301076,1909f56bfc062723c751e8b465ee728b)  -> (artifact id: 'a5cb3c9ecb2aa2b748037031d2e2f79e') in 0.047781 seconds
  Import took 0.052356 seconds .

========================================================================
Received Import Request.
  Time since last request: 0.000200 seconds.
  path: Assets/Animations/Ch14_nonPBR@Victory.fbx
  artifactKey: Guid(c6d64ecc1938b6948bfec7bd902cb59b) Importer(815301076,1909f56bfc062723c751e8b465ee728b)
Start importing Assets/Animations/Ch14_nonPBR@Victory.fbx using Guid(c6d64ecc1938b6948bfec7bd902cb59b) Importer(815301076,1909f56bfc062723c751e8b465ee728b)  -> (artifact id: '8b89aeb8fbef1fa514323fb69bbbd693') in 0.041936 seconds
  Import took 0.046134 seconds .

========================================================================
Received Import Request.
  Time since last request: 0.000246 seconds.
  path: Assets/Animations/Ch14_nonPBR@Falling Idle.fbx
  artifactKey: Guid(6502022631118404fb5e970368360575) Importer(815301076,1909f56bfc062723c751e8b465ee728b)
Start importing Assets/Animations/Ch14_nonPBR@Falling Idle.fbx using Guid(6502022631118404fb5e970368360575) Importer(815301076,1909f56bfc062723c751e8b465ee728b)  -> (artifact id: '19f25f984cc4b25351134fff1443b02e') in 0.037109 seconds
  Import took 0.041413 seconds .

========================================================================
Received Import Request.
  Time since last request: 0.000123 seconds.
  path: Assets/Animations/Ch14_nonPBR@Jumping Up.fbx
  artifactKey: Guid(e51ccf4af34fb3e4db86dd596bed1017) Importer(815301076,1909f56bfc062723c751e8b465ee728b)
Start importing Assets/Animations/Ch14_nonPBR@Jumping Up.fbx using Guid(e51ccf4af34fb3e4db86dd596bed1017) Importer(815301076,1909f56bfc062723c751e8b465ee728b)  -> (artifact id: '9ceed52b712aa6c7090fb2952cd74c7d') in 0.036603 seconds
  Import took 0.041085 seconds .

========================================================================
Received Import Request.
  Time since last request: 0.000223 seconds.
  path: Assets/Animations/Ch14_nonPBR@Idle.fbx
  artifactKey: Guid(64dd93e93f6575545b4ef5fae5ca10f7) Importer(815301076,1909f56bfc062723c751e8b465ee728b)
Start importing Assets/Animations/Ch14_nonPBR@Idle.fbx using Guid(64dd93e93f6575545b4ef5fae5ca10f7) Importer(815301076,1909f56bfc062723c751e8b465ee728b)  -> (artifact id: 'dccf426ca2400d25eba87202c79c3858') in 0.036869 seconds
  Import took 0.041153 seconds .

========================================================================
Received Import Request.
  Time since last request: 46.721755 seconds.
  path: Assets/Animations/Ch14_nonPBR@Jumping Up.fbx
  artifactKey: Guid(e51ccf4af34fb3e4db86dd596bed1017) Importer(815301076,1909f56bfc062723c751e8b465ee728b)
Start importing Assets/Animations/Ch14_nonPBR@Jumping Up.fbx using Guid(e51ccf4af34fb3e4db86dd596bed1017) Importer(815301076,1909f56bfc062723c751e8b465ee728b)  -> (artifact id: '1d769ef610a32f30a3f1780b578487b6') in 0.050039 seconds
  Import took 0.054683 seconds .

========================================================================
Received Import Request.
  Time since last request: 0.000211 seconds.
  path: Assets/Animations/Ch14_nonPBR@Victory.fbx
  artifactKey: Guid(c6d64ecc1938b6948bfec7bd902cb59b) Importer(815301076,1909f56bfc062723c751e8b465ee728b)
Start importing Assets/Animations/Ch14_nonPBR@Victory.fbx using Guid(c6d64ecc1938b6948bfec7bd902cb59b) Importer(815301076,1909f56bfc062723c751e8b465ee728b)  -> (artifact id: 'fa9e8b22de1391276ed9fd312c3bdc56') in 0.037148 seconds
  Import took 0.041228 seconds .

========================================================================
Received Import Request.
  Time since last request: 0.000181 seconds.
  path: Assets/Animations/Ch14_nonPBR@Falling Idle.fbx
  artifactKey: Guid(6502022631118404fb5e970368360575) Importer(815301076,1909f56bfc062723c751e8b465ee728b)
Start importing Assets/Animations/Ch14_nonPBR@Falling Idle.fbx using Guid(6502022631118404fb5e970368360575) Importer(815301076,1909f56bfc062723c751e8b465ee728b)  -> (artifact id: '55b79ec2022d24872cac663ba5c252a5') in 0.036719 seconds
  Import took 0.040914 seconds .

========================================================================
Received Import Request.
  Time since last request: 0.000199 seconds.
  path: Assets/Animations/Ch14_nonPBR@Idle.fbx
  artifactKey: Guid(64dd93e93f6575545b4ef5fae5ca10f7) Importer(815301076,1909f56bfc062723c751e8b465ee728b)
Start importing Assets/Animations/Ch14_nonPBR@Idle.fbx using Guid(64dd93e93f6575545b4ef5fae5ca10f7) Importer(815301076,1909f56bfc062723c751e8b465ee728b)  -> (artifact id: 'd4524d00526f2a55e94d103481065dc8') in 0.036195 seconds
  Import took 0.040263 seconds .

========================================================================
Received Import Request.
  Time since last request: 0.000195 seconds.
  path: Assets/Animations/Ch14_nonPBR@Drunk Run Forward.fbx
  artifactKey: Guid(39b17d82f9d8c2c4899e2f110840c1f8) Importer(815301076,1909f56bfc062723c751e8b465ee728b)
Start importing Assets/Animations/Ch14_nonPBR@Drunk Run Forward.fbx using Guid(39b17d82f9d8c2c4899e2f110840c1f8) Importer(815301076,1909f56bfc062723c751e8b465ee728b)  -> (artifact id: '631c0250dce558017ef02c1a5db73759') in 0.035891 seconds
  Import took 0.040000 seconds .

========================================================================
Received Import Request.
  Time since last request: 490.825779 seconds.
  path: Assets/Animations/MouseMan.controller
  artifactKey: Guid(25a98b9336e5cc940ad1383525dd0118) Importer(815301076,1909f56bfc062723c751e8b465ee728b)
Start importing Assets/Animations/MouseMan.controller using Guid(25a98b9336e5cc940ad1383525dd0118) Importer(815301076,1909f56bfc062723c751e8b465ee728b)  -> (artifact id: '768eaa485797d338b88bc0e3b3ca594e') in 0.006787 seconds
  Import took 0.010618 seconds .

========================================================================
Received Prepare
Registering precompiled user dll's ...
Registered in 0.001398 seconds.
Begin MonoManager ReloadAssembly
Native extension for WindowsStandalone target not found
Refreshing native plugins compatible for Editor in 0.38 ms, found 0 plugins.
Preloading 0 native plugins for Editor in 0.00 ms.
Invoked RoslynAnalysisRunner static constructor.
RoslynAnalysisRunner will not be running.
RoslynAnalysisRunner has terminated.
Mono: successfully reloaded assembly
- Completed reload, in  0.730 seconds
Platform modules already initialized, skipping
Shader 'Universal Render Pipeline/Particles/Lit': fallback shader 'Universal Render Pipeline/Particles/SimpleLit' not found
Shader 'Universal Render Pipeline/Particles/Lit': fallback shader 'Universal Render Pipeline/Particles/SimpleLit' not found
Refreshing native plugins compatible for Editor in 0.39 ms, found 0 plugins.
Preloading 0 native plugins for Editor in 0.00 ms.
Unloading 2462 Unused Serialized files (Serialized files now loaded: 0)
System memory in use before: 139.1 MB.
System memory in use after: 138.1 MB.

Unloading 30 unused Assets to reduce memory usage. Loaded Objects now: 3076.
Total: 6.882000 ms (FindLiveObjects: 0.539400 ms CreateObjectMapping: 0.320200 ms MarkObjects: 4.363100 ms  DeleteObjects: 1.656800 ms)

========================================================================
Received Import Request.
  Time since last request: 1016.043215 seconds.
  path: Assets/Animations/MouseMan.controller
  artifactKey: Guid(25a98b9336e5cc940ad1383525dd0118) Importer(815301076,1909f56bfc062723c751e8b465ee728b)
Start importing Assets/Animations/MouseMan.controller using Guid(25a98b9336e5cc940ad1383525dd0118) Importer(815301076,1909f56bfc062723c751e8b465ee728b)  -> (artifact id: '70e344ebb8a3e6c50c1af08abb6727a1') in 0.023245 seconds
  Import took 0.027157 seconds .

========================================================================
Received Prepare
Registering precompiled user dll's ...
Registered in 0.001394 seconds.
Begin MonoManager ReloadAssembly
Native extension for WindowsStandalone target not found
Refreshing native plugins compatible for Editor in 0.38 ms, found 0 plugins.
Preloading 0 native plugins for Editor in 0.00 ms.
Invoked RoslynAnalysisRunner static constructor.
RoslynAnalysisRunner will not be running.
RoslynAnalysisRunner has terminated.
Mono: successfully reloaded assembly
- Completed reload, in  0.727 seconds
Platform modules already initialized, skipping
Shader 'Universal Render Pipeline/Particles/Lit': fallback shader 'Universal Render Pipeline/Particles/SimpleLit' not found
Shader 'Universal Render Pipeline/Particles/Lit': fallback shader 'Universal Render Pipeline/Particles/SimpleLit' not found
Refreshing native plugins compatible for Editor in 0.38 ms, found 0 plugins.
Preloading 0 native plugins for Editor in 0.00 ms.
Unloading 2462 Unused Serialized files (Serialized files now loaded: 0)
System memory in use before: 139.2 MB.
System memory in use after: 138.1 MB.

Unloading 30 unused Assets to reduce memory usage. Loaded Objects now: 3078.
Total: 2.421600 ms (FindLiveObjects: 0.218300 ms CreateObjectMapping: 0.094600 ms MarkObjects: 1.543300 ms  DeleteObjects: 0.564600 ms)

========================================================================
Received Import Request.
  Time since last request: 673.627890 seconds.
  path: Assets/Animations/Ch14_nonPBR@Drunk Run Forward.fbx
  artifactKey: Guid(39b17d82f9d8c2c4899e2f110840c1f8) Importer(815301076,1909f56bfc062723c751e8b465ee728b)
Start importing Assets/Animations/Ch14_nonPBR@Drunk Run Forward.fbx using Guid(39b17d82f9d8c2c4899e2f110840c1f8) Importer(815301076,1909f56bfc062723c751e8b465ee728b)  -> (artifact id: '9cc0530d109c645baa50c29ba96cf252') in 0.185862 seconds
  Import took 0.190460 seconds .

========================================================================
Received Import Request.
  Time since last request: 13.353966 seconds.
  path: Assets/Animations/Ch14_nonPBR@Idle.fbx
  artifactKey: Guid(64dd93e93f6575545b4ef5fae5ca10f7) Importer(815301076,1909f56bfc062723c751e8b465ee728b)
Start importing Assets/Animations/Ch14_nonPBR@Idle.fbx using Guid(64dd93e93f6575545b4ef5fae5ca10f7) Importer(815301076,1909f56bfc062723c751e8b465ee728b)  -> (artifact id: '7d7bda82ab0de0826da07ce4bdee286e') in 0.048492 seconds
  Import took 0.052939 seconds .

========================================================================
Received Prepare
Registering precompiled user dll's ...
Registered in 0.001431 seconds.
Begin MonoManager ReloadAssembly
Native extension for WindowsStandalone target not found
Refreshing native plugins compatible for Editor in 0.38 ms, found 0 plugins.
Preloading 0 native plugins for Editor in 0.00 ms.
Invoked RoslynAnalysisRunner static constructor.
RoslynAnalysisRunner will not be running.
RoslynAnalysisRunner has terminated.
Mono: successfully reloaded assembly
- Completed reload, in  0.722 seconds
Platform modules already initialized, skipping
Shader 'Universal Render Pipeline/Particles/Lit': fallback shader 'Universal Render Pipeline/Particles/SimpleLit' not found
Shader 'Universal Render Pipeline/Particles/Lit': fallback shader 'Universal Render Pipeline/Particles/SimpleLit' not found
Refreshing native plugins compatible for Editor in 0.41 ms, found 0 plugins.
Preloading 0 native plugins for Editor in 0.00 ms.
Unloading 2462 Unused Serialized files (Serialized files now loaded: 0)
System memory in use before: 139.3 MB.
System memory in use after: 138.3 MB.

Unloading 30 unused Assets to reduce memory usage. Loaded Objects now: 3116.
Total: 5.777600 ms (FindLiveObjects: 0.536500 ms CreateObjectMapping: 0.325100 ms MarkObjects: 3.583400 ms  DeleteObjects: 1.330200 ms)

========================================================================
Received Prepare
Registering precompiled user dll's ...
Registered in 0.001463 seconds.
Begin MonoManager ReloadAssembly
Native extension for WindowsStandalone target not found
Refreshing native plugins compatible for Editor in 0.38 ms, found 0 plugins.
Preloading 0 native plugins for Editor in 0.00 ms.
Invoked RoslynAnalysisRunner static constructor.
RoslynAnalysisRunner will not be running.
RoslynAnalysisRunner has terminated.
Mono: successfully reloaded assembly
- Completed reload, in  0.731 seconds
Platform modules already initialized, skipping
Shader 'Universal Render Pipeline/Particles/Lit': fallback shader 'Universal Render Pipeline/Particles/SimpleLit' not found
Shader 'Universal Render Pipeline/Particles/Lit': fallback shader 'Universal Render Pipeline/Particles/SimpleLit' not found
Refreshing native plugins compatible for Editor in 0.45 ms, found 0 plugins.
Preloading 0 native plugins for Editor in 0.00 ms.
Unloading 2462 Unused Serialized files (Serialized files now loaded: 0)
System memory in use before: 139.3 MB.
System memory in use after: 138.3 MB.

Unloading 30 unused Assets to reduce memory usage. Loaded Objects now: 3118.
Total: 2.841400 ms (FindLiveObjects: 0.356500 ms CreateObjectMapping: 0.130400 ms MarkObjects: 1.716300 ms  DeleteObjects: 0.636600 ms)

========================================================================
Received Prepare
Registering precompiled user dll's ...
Registered in 0.001390 seconds.
Begin MonoManager ReloadAssembly
Native extension for WindowsStandalone target not found
Refreshing native plugins compatible for Editor in 0.38 ms, found 0 plugins.
Preloading 0 native plugins for Editor in 0.00 ms.
Invoked RoslynAnalysisRunner static constructor.
RoslynAnalysisRunner will not be running.
RoslynAnalysisRunner has terminated.
Mono: successfully reloaded assembly
- Completed reload, in  0.706 seconds
Platform modules already initialized, skipping
Shader 'Universal Render Pipeline/Particles/Lit': fallback shader 'Universal Render Pipeline/Particles/SimpleLit' not found
Shader 'Universal Render Pipeline/Particles/Lit': fallback shader 'Universal Render Pipeline/Particles/SimpleLit' not found
Refreshing native plugins compatible for Editor in 0.44 ms, found 0 plugins.
Preloading 0 native plugins for Editor in 0.00 ms.
Unloading 2462 Unused Serialized files (Serialized files now loaded: 0)
System memory in use before: 139.2 MB.
System memory in use after: 138.2 MB.

Unloading 30 unused Assets to reduce memory usage. Loaded Objects now: 3120.
Total: 2.372400 ms (FindLiveObjects: 0.217700 ms CreateObjectMapping: 0.093500 ms MarkObjects: 1.462600 ms  DeleteObjects: 0.597700 ms)

========================================================================
Received Prepare
Registering precompiled user dll's ...
Registered in 0.001397 seconds.
Begin MonoManager ReloadAssembly
Native extension for WindowsStandalone target not found
Refreshing native plugins compatible for Editor in 0.42 ms, found 0 plugins.
Preloading 0 native plugins for Editor in 0.00 ms.
Invoked RoslynAnalysisRunner static constructor.
RoslynAnalysisRunner will not be running.
RoslynAnalysisRunner has terminated.
Mono: successfully reloaded assembly
- Completed reload, in  0.698 seconds
Platform modules already initialized, skipping
Shader 'Universal Render Pipeline/Particles/Lit': fallback shader 'Universal Render Pipeline/Particles/SimpleLit' not found
Shader 'Universal Render Pipeline/Particles/Lit': fallback shader 'Universal Render Pipeline/Particles/SimpleLit' not found
Refreshing native plugins compatible for Editor in 0.38 ms, found 0 plugins.
Preloading 0 native plugins for Editor in 0.00 ms.
Unloading 2462 Unused Serialized files (Serialized files now loaded: 0)
System memory in use before: 139.3 MB.
System memory in use after: 138.3 MB.

Unloading 30 unused Assets to reduce memory usage. Loaded Objects now: 3122.
Total: 5.865000 ms (FindLiveObjects: 0.608800 ms CreateObjectMapping: 0.352100 ms MarkObjects: 4.255600 ms  DeleteObjects: 0.646600 ms)

========================================================================
Received Import Request.
  Time since last request: 400.741823 seconds.
  path: Assets/Animations/Ch14_nonPBR@Jumping Up.fbx
  artifactKey: Guid(e51ccf4af34fb3e4db86dd596bed1017) Importer(815301076,1909f56bfc062723c751e8b465ee728b)
Start importing Assets/Animations/Ch14_nonPBR@Jumping Up.fbx using Guid(e51ccf4af34fb3e4db86dd596bed1017) Importer(815301076,1909f56bfc062723c751e8b465ee728b)  -> (artifact id: '159aedb140d360415a2adbec0606aec8') in 0.192890 seconds
  Import took 0.197776 seconds .

========================================================================
Received Import Request.
  Time since last request: 105.182233 seconds.
  path: Assets/Animations/MouseMan.controller
  artifactKey: Guid(25a98b9336e5cc940ad1383525dd0118) Importer(815301076,1909f56bfc062723c751e8b465ee728b)
Start importing Assets/Animations/MouseMan.controller using Guid(25a98b9336e5cc940ad1383525dd0118) Importer(815301076,1909f56bfc062723c751e8b465ee728b)  -> (artifact id: '23b354160fd59d2e9ca1d2cc8ce2755f') in 0.004665 seconds
  Import took 0.008353 seconds .

========================================================================
Received Import Request.
  Time since last request: 0.000622 seconds.
  path: Assets/Animations/MouseMan.controller
  artifactKey: Guid(25a98b9336e5cc940ad1383525dd0118) Importer(815301076,1909f56bfc062723c751e8b465ee728b)
Start importing Assets/Animations/MouseMan.controller using Guid(25a98b9336e5cc940ad1383525dd0118) Importer(815301076,1909f56bfc062723c751e8b465ee728b)  -> (artifact id: '23b354160fd59d2e9ca1d2cc8ce2755f') in 0.003593 seconds
  Import took 0.006722 seconds .

========================================================================
Received Import Request.
  Time since last request: 59.473782 seconds.
  path: Assets/Animations/Ch14_nonPBR@Falling Idle.fbx
  artifactKey: Guid(6502022631118404fb5e970368360575) Importer(815301076,1909f56bfc062723c751e8b465ee728b)
Start importing Assets/Animations/Ch14_nonPBR@Falling Idle.fbx using Guid(6502022631118404fb5e970368360575) Importer(815301076,1909f56bfc062723c751e8b465ee728b)  -> (artifact id: '46260e7c3fe9a552872c5dc1f3e4dd17') in 0.048666 seconds
  Import took 0.053383 seconds .

========================================================================
Received Import Request.
  Time since last request: 16.499737 seconds.
  path: Assets/Animations/Ch14_nonPBR@Falling Idle.fbx
  artifactKey: Guid(6502022631118404fb5e970368360575) Importer(815301076,1909f56bfc062723c751e8b465ee728b)
Start importing Assets/Animations/Ch14_nonPBR@Falling Idle.fbx using Guid(6502022631118404fb5e970368360575) Importer(815301076,1909f56bfc062723c751e8b465ee728b)  -> (artifact id: '98662452303a7f6be625eee7bfdd6257') in 0.046591 seconds
  Import took 0.051104 seconds .

========================================================================
Received Prepare
Registering precompiled user dll's ...
Registered in 0.001394 seconds.
Begin MonoManager ReloadAssembly
Native extension for WindowsStandalone target not found
Refreshing native plugins compatible for Editor in 0.43 ms, found 0 plugins.
Preloading 0 native plugins for Editor in 0.00 ms.
Invoked RoslynAnalysisRunner static constructor.
RoslynAnalysisRunner will not be running.
RoslynAnalysisRunner has terminated.
Mono: successfully reloaded assembly
- Completed reload, in  0.755 seconds
Platform modules already initialized, skipping
Shader 'Universal Render Pipeline/Particles/Lit': fallback shader 'Universal Render Pipeline/Particles/SimpleLit' not found
Shader 'Universal Render Pipeline/Particles/Lit': fallback shader 'Universal Render Pipeline/Particles/SimpleLit' not found
Refreshing native plugins compatible for Editor in 0.39 ms, found 0 plugins.
Preloading 0 native plugins for Editor in 0.00 ms.
Unloading 2462 Unused Serialized files (Serialized files now loaded: 0)
System memory in use before: 139.5 MB.
System memory in use after: 138.5 MB.

Unloading 30 unused Assets to reduce memory usage. Loaded Objects now: 3160.
Total: 2.581200 ms (FindLiveObjects: 0.227300 ms CreateObjectMapping: 0.095500 ms MarkObjects: 1.632400 ms  DeleteObjects: 0.625200 ms)

========================================================================
Received Prepare
Registering precompiled user dll's ...
Registered in 0.001375 seconds.
Begin MonoManager ReloadAssembly
Native extension for WindowsStandalone target not found
Refreshing native plugins compatible for Editor in 0.38 ms, found 0 plugins.
Preloading 0 native plugins for Editor in 0.00 ms.
Invoked RoslynAnalysisRunner static constructor.
RoslynAnalysisRunner will not be running.
RoslynAnalysisRunner has terminated.
Mono: successfully reloaded assembly
- Completed reload, in  0.746 seconds
Platform modules already initialized, skipping
Shader 'Universal Render Pipeline/Particles/Lit': fallback shader 'Universal Render Pipeline/Particles/SimpleLit' not found
Shader 'Universal Render Pipeline/Particles/Lit': fallback shader 'Universal Render Pipeline/Particles/SimpleLit' not found
Refreshing native plugins compatible for Editor in 0.42 ms, found 0 plugins.
Preloading 0 native plugins for Editor in 0.00 ms.
Unloading 2462 Unused Serialized files (Serialized files now loaded: 0)
System memory in use before: 139.6 MB.
System memory in use after: 138.5 MB.

Unloading 30 unused Assets to reduce memory usage. Loaded Objects now: 3162.
Total: 2.765600 ms (FindLiveObjects: 0.253100 ms CreateObjectMapping: 0.116400 ms MarkObjects: 1.744200 ms  DeleteObjects: 0.651100 ms)

========================================================================
Received Prepare
Registering precompiled user dll's ...
Registered in 0.001488 seconds.
Begin MonoManager ReloadAssembly
Native extension for WindowsStandalone target not found
Refreshing native plugins compatible for Editor in 0.38 ms, found 0 plugins.
Preloading 0 native plugins for Editor in 0.00 ms.
Invoked RoslynAnalysisRunner static constructor.
RoslynAnalysisRunner will not be running.
RoslynAnalysisRunner has terminated.
Mono: successfully reloaded assembly
- Completed reload, in  0.744 seconds
Platform modules already initialized, skipping
Shader 'Universal Render Pipeline/Particles/Lit': fallback shader 'Universal Render Pipeline/Particles/SimpleLit' not found
Shader 'Universal Render Pipeline/Particles/Lit': fallback shader 'Universal Render Pipeline/Particles/SimpleLit' not found
Refreshing native plugins compatible for Editor in 0.40 ms, found 0 plugins.
Preloading 0 native plugins for Editor in 0.00 ms.
Unloading 2462 Unused Serialized files (Serialized files now loaded: 0)
System memory in use before: 139.5 MB.
System memory in use after: 138.5 MB.

Unloading 30 unused Assets to reduce memory usage. Loaded Objects now: 3164.
Total: 2.634900 ms (FindLiveObjects: 0.267500 ms CreateObjectMapping: 0.104200 ms MarkObjects: 1.656500 ms  DeleteObjects: 0.606100 ms)

========================================================================
Received Prepare
Registering precompiled user dll's ...
Registered in 0.001429 seconds.
Begin MonoManager ReloadAssembly
Native extension for WindowsStandalone target not found
Refreshing native plugins compatible for Editor in 0.39 ms, found 0 plugins.
Preloading 0 native plugins for Editor in 0.00 ms.
Invoked RoslynAnalysisRunner static constructor.
RoslynAnalysisRunner will not be running.
RoslynAnalysisRunner has terminated.
Mono: successfully reloaded assembly
- Completed reload, in  0.719 seconds
Platform modules already initialized, skipping
Shader 'Universal Render Pipeline/Particles/Lit': fallback shader 'Universal Render Pipeline/Particles/SimpleLit' not found
Shader 'Universal Render Pipeline/Particles/Lit': fallback shader 'Universal Render Pipeline/Particles/SimpleLit' not found
Refreshing native plugins compatible for Editor in 0.39 ms, found 0 plugins.
Preloading 0 native plugins for Editor in 0.00 ms.
Unloading 2462 Unused Serialized files (Serialized files now loaded: 0)
System memory in use before: 139.4 MB.
System memory in use after: 138.5 MB.

Unloading 30 unused Assets to reduce memory usage. Loaded Objects now: 3166.
Total: 6.631300 ms (FindLiveObjects: 0.559700 ms CreateObjectMapping: 0.325200 ms MarkObjects: 4.346800 ms  DeleteObjects: 1.397400 ms)

========================================================================
Received Prepare
Registering precompiled user dll's ...
Registered in 0.001406 seconds.
Begin MonoManager ReloadAssembly
Native extension for WindowsStandalone target not found
Refreshing native plugins compatible for Editor in 0.37 ms, found 0 plugins.
Preloading 0 native plugins for Editor in 0.00 ms.
Invoked RoslynAnalysisRunner static constructor.
RoslynAnalysisRunner will not be running.
RoslynAnalysisRunner has terminated.
Mono: successfully reloaded assembly
- Completed reload, in  0.729 seconds
Platform modules already initialized, skipping
Shader 'Universal Render Pipeline/Particles/Lit': fallback shader 'Universal Render Pipeline/Particles/SimpleLit' not found
Shader 'Universal Render Pipeline/Particles/Lit': fallback shader 'Universal Render Pipeline/Particles/SimpleLit' not found
Refreshing native plugins compatible for Editor in 0.38 ms, found 0 plugins.
Preloading 0 native plugins for Editor in 0.00 ms.
Unloading 2462 Unused Serialized files (Serialized files now loaded: 0)
System memory in use before: 139.6 MB.
System memory in use after: 138.6 MB.

Unloading 30 unused Assets to reduce memory usage. Loaded Objects now: 3168.
Total: 2.490100 ms (FindLiveObjects: 0.240000 ms CreateObjectMapping: 0.102300 ms MarkObjects: 1.533700 ms  DeleteObjects: 0.613300 ms)

========================================================================
Received Prepare
Registering precompiled user dll's ...
Registered in 0.001410 seconds.
Begin MonoManager ReloadAssembly
Native extension for WindowsStandalone target not found
Refreshing native plugins compatible for Editor in 0.40 ms, found 0 plugins.
Preloading 0 native plugins for Editor in 0.00 ms.
Invoked RoslynAnalysisRunner static constructor.
RoslynAnalysisRunner will not be running.
RoslynAnalysisRunner has terminated.
Mono: successfully reloaded assembly
- Completed reload, in  0.723 seconds
Platform modules already initialized, skipping
Shader 'Universal Render Pipeline/Particles/Lit': fallback shader 'Universal Render Pipeline/Particles/SimpleLit' not found
Shader 'Universal Render Pipeline/Particles/Lit': fallback shader 'Universal Render Pipeline/Particles/SimpleLit' not found
Refreshing native plugins compatible for Editor in 0.41 ms, found 0 plugins.
Preloading 0 native plugins for Editor in 0.00 ms.
Unloading 2462 Unused Serialized files (Serialized files now loaded: 0)
System memory in use before: 139.6 MB.
System memory in use after: 138.6 MB.

Unloading 30 unused Assets to reduce memory usage. Loaded Objects now: 3170.
Total: 2.600100 ms (FindLiveObjects: 0.264400 ms CreateObjectMapping: 0.110100 ms MarkObjects: 1.574600 ms  DeleteObjects: 0.650200 ms)

========================================================================
Received Prepare
Registering precompiled user dll's ...
Registered in 0.001503 seconds.
Begin MonoManager ReloadAssembly
Native extension for WindowsStandalone target not found
Refreshing native plugins compatible for Editor in 0.38 ms, found 0 plugins.
Preloading 0 native plugins for Editor in 0.00 ms.
Invoked RoslynAnalysisRunner static constructor.
RoslynAnalysisRunner will not be running.
RoslynAnalysisRunner has terminated.
Mono: successfully reloaded assembly
- Completed reload, in  0.726 seconds
Platform modules already initialized, skipping
Shader 'Universal Render Pipeline/Particles/Lit': fallback shader 'Universal Render Pipeline/Particles/SimpleLit' not found
Shader 'Universal Render Pipeline/Particles/Lit': fallback shader 'Universal Render Pipeline/Particles/SimpleLit' not found
Refreshing native plugins compatible for Editor in 0.40 ms, found 0 plugins.
Preloading 0 native plugins for Editor in 0.00 ms.
Unloading 2462 Unused Serialized files (Serialized files now loaded: 0)
System memory in use before: 139.6 MB.
System memory in use after: 138.6 MB.

Unloading 30 unused Assets to reduce memory usage. Loaded Objects now: 3172.
Total: 2.722500 ms (FindLiveObjects: 0.263700 ms CreateObjectMapping: 0.112100 ms MarkObjects: 1.705100 ms  DeleteObjects: 0.640800 ms)

========================================================================
Received Prepare
Registering precompiled user dll's ...
Registered in 0.001445 seconds.
Begin MonoManager ReloadAssembly
Native extension for WindowsStandalone target not found
Refreshing native plugins compatible for Editor in 0.41 ms, found 0 plugins.
Preloading 0 native plugins for Editor in 0.00 ms.
Invoked RoslynAnalysisRunner static constructor.
RoslynAnalysisRunner will not be running.
RoslynAnalysisRunner has terminated.
Mono: successfully reloaded assembly
- Completed reload, in  0.722 seconds
Platform modules already initialized, skipping
Shader 'Universal Render Pipeline/Particles/Lit': fallback shader 'Universal Render Pipeline/Particles/SimpleLit' not found
Shader 'Universal Render Pipeline/Particles/Lit': fallback shader 'Universal Render Pipeline/Particles/SimpleLit' not found
Refreshing native plugins compatible for Editor in 0.41 ms, found 0 plugins.
Preloading 0 native plugins for Editor in 0.00 ms.
Unloading 2462 Unused Serialized files (Serialized files now loaded: 0)
System memory in use before: 139.6 MB.
System memory in use after: 138.6 MB.

Unloading 30 unused Assets to reduce memory usage. Loaded Objects now: 3174.
Total: 6.485900 ms (FindLiveObjects: 0.611800 ms CreateObjectMapping: 0.342100 ms MarkObjects: 4.107500 ms  DeleteObjects: 1.422300 ms)

========================================================================
Received Import Request.
  Time since last request: 1118.196596 seconds.
  path: Assets/Animations/MouseMan.controller
  artifactKey: Guid(25a98b9336e5cc940ad1383525dd0118) Importer(815301076,1909f56bfc062723c751e8b465ee728b)
Start importing Assets/Animations/MouseMan.controller using Guid(25a98b9336e5cc940ad1383525dd0118) Importer(815301076,1909f56bfc062723c751e8b465ee728b)  -> (artifact id: '7cc6bbc09ae5f6df895ac1e0b33f2ee9') in 0.020809 seconds
  Import took 0.024523 seconds .

========================================================================
Received Prepare
Registering precompiled user dll's ...
Registered in 0.001578 seconds.
Begin MonoManager ReloadAssembly
Native extension for WindowsStandalone target not found
Refreshing native plugins compatible for Editor in 0.38 ms, found 0 plugins.
Preloading 0 native plugins for Editor in 0.00 ms.
Invoked RoslynAnalysisRunner static constructor.
RoslynAnalysisRunner will not be running.
RoslynAnalysisRunner has terminated.
Mono: successfully reloaded assembly
- Completed reload, in  0.888 seconds
Platform modules already initialized, skipping
Shader 'Universal Render Pipeline/Particles/Lit': fallback shader 'Universal Render Pipeline/Particles/SimpleLit' not found
Shader 'Universal Render Pipeline/Particles/Lit': fallback shader 'Universal Render Pipeline/Particles/SimpleLit' not found
Refreshing native plugins compatible for Editor in 0.79 ms, found 0 plugins.
Preloading 0 native plugins for Editor in 0.00 ms.
Unloading 2462 Unused Serialized files (Serialized files now loaded: 0)
System memory in use before: 139.5 MB.
System memory in use after: 138.5 MB.

Unloading 30 unused Assets to reduce memory usage. Loaded Objects now: 3176.
Total: 61.363300 ms (FindLiveObjects: 8.874300 ms CreateObjectMapping: 0.414100 ms MarkObjects: 50.000900 ms  DeleteObjects: 2.071300 ms)

========================================================================
Received Prepare
Registering precompiled user dll's ...
Registered in 0.001548 seconds.
Begin MonoManager ReloadAssembly
Native extension for WindowsStandalone target not found
Refreshing native plugins compatible for Editor in 0.38 ms, found 0 plugins.
Preloading 0 native plugins for Editor in 0.00 ms.
Invoked RoslynAnalysisRunner static constructor.
RoslynAnalysisRunner will not be running.
RoslynAnalysisRunner has terminated.
Mono: successfully reloaded assembly
- Completed reload, in  0.725 seconds
Platform modules already initialized, skipping
Shader 'Universal Render Pipeline/Particles/Lit': fallback shader 'Universal Render Pipeline/Particles/SimpleLit' not found
Shader 'Universal Render Pipeline/Particles/Lit': fallback shader 'Universal Render Pipeline/Particles/SimpleLit' not found
Refreshing native plugins compatible for Editor in 0.41 ms, found 0 plugins.
Preloading 0 native plugins for Editor in 0.00 ms.
Unloading 2462 Unused Serialized files (Serialized files now loaded: 0)
System memory in use before: 139.6 MB.
System memory in use after: 138.6 MB.

Unloading 30 unused Assets to reduce memory usage. Loaded Objects now: 3178.
Total: 6.575700 ms (FindLiveObjects: 0.298100 ms CreateObjectMapping: 0.172400 ms MarkObjects: 5.446300 ms  DeleteObjects: 0.657500 ms)

========================================================================
Received Prepare
Registering precompiled user dll's ...
Registered in 0.001434 seconds.
Begin MonoManager ReloadAssembly
Native extension for WindowsStandalone target not found
Refreshing native plugins compatible for Editor in 0.39 ms, found 0 plugins.
Preloading 0 native plugins for Editor in 0.00 ms.
Invoked RoslynAnalysisRunner static constructor.
RoslynAnalysisRunner will not be running.
RoslynAnalysisRunner has terminated.
Mono: successfully reloaded assembly
- Completed reload, in  0.806 seconds
Platform modules already initialized, skipping
Shader 'Universal Render Pipeline/Particles/Lit': fallback shader 'Universal Render Pipeline/Particles/SimpleLit' not found
Shader 'Universal Render Pipeline/Particles/Lit': fallback shader 'Universal Render Pipeline/Particles/SimpleLit' not found
Refreshing native plugins compatible for Editor in 0.38 ms, found 0 plugins.
Preloading 0 native plugins for Editor in 0.00 ms.
Unloading 2462 Unused Serialized files (Serialized files now loaded: 0)
System memory in use before: 139.6 MB.
System memory in use after: 138.6 MB.

Unloading 30 unused Assets to reduce memory usage. Loaded Objects now: 3180.
Total: 3.044600 ms (FindLiveObjects: 0.312800 ms CreateObjectMapping: 0.107600 ms MarkObjects: 1.887300 ms  DeleteObjects: 0.735600 ms)

========================================================================
Received Prepare
Registering precompiled user dll's ...
Registered in 0.001469 seconds.
Begin MonoManager ReloadAssembly
Native extension for WindowsStandalone target not found
Refreshing native plugins compatible for Editor in 0.39 ms, found 0 plugins.
Preloading 0 native plugins for Editor in 0.00 ms.
Invoked RoslynAnalysisRunner static constructor.
RoslynAnalysisRunner will not be running.
RoslynAnalysisRunner has terminated.
Mono: successfully reloaded assembly
- Completed reload, in  0.733 seconds
Platform modules already initialized, skipping
Shader 'Universal Render Pipeline/Particles/Lit': fallback shader 'Universal Render Pipeline/Particles/SimpleLit' not found
Shader 'Universal Render Pipeline/Particles/Lit': fallback shader 'Universal Render Pipeline/Particles/SimpleLit' not found
Refreshing native plugins compatible for Editor in 0.39 ms, found 0 plugins.
Preloading 0 native plugins for Editor in 0.00 ms.
Unloading 2462 Unused Serialized files (Serialized files now loaded: 0)
System memory in use before: 139.6 MB.
System memory in use after: 138.6 MB.

Unloading 30 unused Assets to reduce memory usage. Loaded Objects now: 3182.
Total: 2.649100 ms (FindLiveObjects: 0.282500 ms CreateObjectMapping: 0.128500 ms MarkObjects: 1.577600 ms  DeleteObjects: 0.659600 ms)

========================================================================
Received Prepare
Registering precompiled user dll's ...
Registered in 0.001422 seconds.
Begin MonoManager ReloadAssembly
Native extension for WindowsStandalone target not found
Refreshing native plugins compatible for Editor in 0.38 ms, found 0 plugins.
Preloading 0 native plugins for Editor in 0.00 ms.
Invoked RoslynAnalysisRunner static constructor.
RoslynAnalysisRunner will not be running.
RoslynAnalysisRunner has terminated.
Mono: successfully reloaded assembly
- Completed reload, in  0.736 seconds
Platform modules already initialized, skipping
Shader 'Universal Render Pipeline/Particles/Lit': fallback shader 'Universal Render Pipeline/Particles/SimpleLit' not found
Shader 'Universal Render Pipeline/Particles/Lit': fallback shader 'Universal Render Pipeline/Particles/SimpleLit' not found
Refreshing native plugins compatible for Editor in 0.37 ms, found 0 plugins.
Preloading 0 native plugins for Editor in 0.00 ms.
Unloading 2462 Unused Serialized files (Serialized files now loaded: 0)
System memory in use before: 139.6 MB.
System memory in use after: 138.6 MB.

Unloading 30 unused Assets to reduce memory usage. Loaded Objects now: 3184.
Total: 10.300800 ms (FindLiveObjects: 0.777600 ms CreateObjectMapping: 0.458900 ms MarkObjects: 6.515300 ms  DeleteObjects: 2.545800 ms)

========================================================================
Received Prepare
Registering precompiled user dll's ...
Registered in 0.001409 seconds.
Begin MonoManager ReloadAssembly
Native extension for WindowsStandalone target not found
Refreshing native plugins compatible for Editor in 0.43 ms, found 0 plugins.
Preloading 0 native plugins for Editor in 0.00 ms.
Invoked RoslynAnalysisRunner static constructor.
RoslynAnalysisRunner will not be running.
RoslynAnalysisRunner has terminated.
Mono: successfully reloaded assembly
- Completed reload, in  0.790 seconds
Platform modules already initialized, skipping
Shader 'Universal Render Pipeline/Particles/Lit': fallback shader 'Universal Render Pipeline/Particles/SimpleLit' not found
Shader 'Universal Render Pipeline/Particles/Lit': fallback shader 'Universal Render Pipeline/Particles/SimpleLit' not found
Refreshing native plugins compatible for Editor in 0.38 ms, found 0 plugins.
Preloading 0 native plugins for Editor in 0.00 ms.
Unloading 2462 Unused Serialized files (Serialized files now loaded: 0)
System memory in use before: 139.5 MB.
System memory in use after: 138.5 MB.

Unloading 30 unused Assets to reduce memory usage. Loaded Objects now: 3186.
Total: 2.574900 ms (FindLiveObjects: 0.242000 ms CreateObjectMapping: 0.103900 ms MarkObjects: 1.600000 ms  DeleteObjects: 0.628300 ms)

========================================================================
Received Prepare
Registering precompiled user dll's ...
Registered in 0.001412 seconds.
Begin MonoManager ReloadAssembly
Native extension for WindowsStandalone target not found
Refreshing native plugins compatible for Editor in 0.38 ms, found 0 plugins.
Preloading 0 native plugins for Editor in 0.00 ms.
Invoked RoslynAnalysisRunner static constructor.
RoslynAnalysisRunner will not be running.
RoslynAnalysisRunner has terminated.
Mono: successfully reloaded assembly
- Completed reload, in  0.716 seconds
Platform modules already initialized, skipping
Shader 'Universal Render Pipeline/Particles/Lit': fallback shader 'Universal Render Pipeline/Particles/SimpleLit' not found
Shader 'Universal Render Pipeline/Particles/Lit': fallback shader 'Universal Render Pipeline/Particles/SimpleLit' not found
Refreshing native plugins compatible for Editor in 0.41 ms, found 0 plugins.
Preloading 0 native plugins for Editor in 0.00 ms.
Unloading 2462 Unused Serialized files (Serialized files now loaded: 0)
System memory in use before: 139.7 MB.
System memory in use after: 138.6 MB.

Unloading 30 unused Assets to reduce memory usage. Loaded Objects now: 3188.
Total: 2.488600 ms (FindLiveObjects: 0.227100 ms CreateObjectMapping: 0.091600 ms MarkObjects: 1.555900 ms  DeleteObjects: 0.613000 ms)

========================================================================
Received Prepare
Registering precompiled user dll's ...
Registered in 0.001470 seconds.
Begin MonoManager ReloadAssembly
Native extension for WindowsStandalone target not found
Refreshing native plugins compatible for Editor in 0.38 ms, found 0 plugins.
Preloading 0 native plugins for Editor in 0.00 ms.
Invoked RoslynAnalysisRunner static constructor.
RoslynAnalysisRunner will not be running.
RoslynAnalysisRunner has terminated.
Mono: successfully reloaded assembly
- Completed reload, in  0.721 seconds
Platform modules already initialized, skipping
Shader 'Universal Render Pipeline/Particles/Lit': fallback shader 'Universal Render Pipeline/Particles/SimpleLit' not found
Shader 'Universal Render Pipeline/Particles/Lit': fallback shader 'Universal Render Pipeline/Particles/SimpleLit' not found
Refreshing native plugins compatible for Editor in 0.38 ms, found 0 plugins.
Preloading 0 native plugins for Editor in 0.00 ms.
Unloading 2462 Unused Serialized files (Serialized files now loaded: 0)
System memory in use before: 139.6 MB.
System memory in use after: 138.6 MB.

Unloading 30 unused Assets to reduce memory usage. Loaded Objects now: 3190.
Total: 2.637800 ms (FindLiveObjects: 0.268600 ms CreateObjectMapping: 0.111300 ms MarkObjects: 1.616400 ms  DeleteObjects: 0.640600 ms)

========================================================================
Received Prepare
Registering precompiled user dll's ...
Registered in 0.001516 seconds.
Begin MonoManager ReloadAssembly
Native extension for WindowsStandalone target not found
Refreshing native plugins compatible for Editor in 0.39 ms, found 0 plugins.
Preloading 0 native plugins for Editor in 0.00 ms.
Invoked RoslynAnalysisRunner static constructor.
RoslynAnalysisRunner will not be running.
RoslynAnalysisRunner has terminated.
Mono: successfully reloaded assembly
- Completed reload, in  0.744 seconds
Platform modules already initialized, skipping
Shader 'Universal Render Pipeline/Particles/Lit': fallback shader 'Universal Render Pipeline/Particles/SimpleLit' not found
Shader 'Universal Render Pipeline/Particles/Lit': fallback shader 'Universal Render Pipeline/Particles/SimpleLit' not found
Refreshing native plugins compatible for Editor in 0.38 ms, found 0 plugins.
Preloading 0 native plugins for Editor in 0.00 ms.
Unloading 2462 Unused Serialized files (Serialized files now loaded: 0)
System memory in use before: 139.7 MB.
System memory in use after: 138.7 MB.

Unloading 30 unused Assets to reduce memory usage. Loaded Objects now: 3192.
Total: 2.746200 ms (FindLiveObjects: 0.234200 ms CreateObjectMapping: 0.092100 ms MarkObjects: 1.753000 ms  DeleteObjects: 0.666200 ms)

========================================================================
Received Prepare
Registering precompiled user dll's ...
Registered in 0.001404 seconds.
Begin MonoManager ReloadAssembly
Native extension for WindowsStandalone target not found
Refreshing native plugins compatible for Editor in 0.38 ms, found 0 plugins.
Preloading 0 native plugins for Editor in 0.00 ms.
Invoked RoslynAnalysisRunner static constructor.
RoslynAnalysisRunner will not be running.
RoslynAnalysisRunner has terminated.
Mono: successfully reloaded assembly
- Completed reload, in  0.731 seconds
Platform modules already initialized, skipping
Shader 'Universal Render Pipeline/Particles/Lit': fallback shader 'Universal Render Pipeline/Particles/SimpleLit' not found
Shader 'Universal Render Pipeline/Particles/Lit': fallback shader 'Universal Render Pipeline/Particles/SimpleLit' not found
Refreshing native plugins compatible for Editor in 0.38 ms, found 0 plugins.
Preloading 0 native plugins for Editor in 0.00 ms.
Unloading 2462 Unused Serialized files (Serialized files now loaded: 0)
System memory in use before: 139.6 MB.
System memory in use after: 138.7 MB.

Unloading 30 unused Assets to reduce memory usage. Loaded Objects now: 3194.
Total: 5.847900 ms (FindLiveObjects: 0.385900 ms CreateObjectMapping: 1.104000 ms MarkObjects: 3.485300 ms  DeleteObjects: 0.871300 ms)

========================================================================
Received Prepare
Registering precompiled user dll's ...
Registered in 0.001533 seconds.
Begin MonoManager ReloadAssembly
Native extension for WindowsStandalone target not found
Refreshing native plugins compatible for Editor in 0.39 ms, found 0 plugins.
Preloading 0 native plugins for Editor in 0.00 ms.
Invoked RoslynAnalysisRunner static constructor.
RoslynAnalysisRunner will not be running.
RoslynAnalysisRunner has terminated.
Mono: successfully reloaded assembly
- Completed reload, in  0.733 seconds
Platform modules already initialized, skipping
Shader 'Universal Render Pipeline/Particles/Lit': fallback shader 'Universal Render Pipeline/Particles/SimpleLit' not found
Shader 'Universal Render Pipeline/Particles/Lit': fallback shader 'Universal Render Pipeline/Particles/SimpleLit' not found
Refreshing native plugins compatible for Editor in 0.38 ms, found 0 plugins.
Preloading 0 native plugins for Editor in 0.00 ms.
Unloading 2462 Unused Serialized files (Serialized files now loaded: 0)
System memory in use before: 139.6 MB.
System memory in use after: 138.6 MB.

Unloading 30 unused Assets to reduce memory usage. Loaded Objects now: 3196.
Total: 9.096400 ms (FindLiveObjects: 0.770200 ms CreateObjectMapping: 0.440400 ms MarkObjects: 6.062000 ms  DeleteObjects: 1.821100 ms)

========================================================================
Received Prepare
Registering precompiled user dll's ...
Registered in 0.001482 seconds.
Begin MonoManager ReloadAssembly
Native extension for WindowsStandalone target not found
Refreshing native plugins compatible for Editor in 0.40 ms, found 0 plugins.
Preloading 0 native plugins for Editor in 0.00 ms.
Invoked RoslynAnalysisRunner static constructor.
RoslynAnalysisRunner will not be running.
RoslynAnalysisRunner has terminated.
Mono: successfully reloaded assembly
- Completed reload, in  0.899 seconds
Platform modules already initialized, skipping
Shader 'Universal Render Pipeline/Particles/Lit': fallback shader 'Universal Render Pipeline/Particles/SimpleLit' not found
Shader 'Universal Render Pipeline/Particles/Lit': fallback shader 'Universal Render Pipeline/Particles/SimpleLit' not found
Refreshing native plugins compatible for Editor in 1.65 ms, found 0 plugins.
Preloading 0 native plugins for Editor in 0.00 ms.
Unloading 2462 Unused Serialized files (Serialized files now loaded: 0)
System memory in use before: 139.7 MB.
System memory in use after: 138.7 MB.

Unloading 30 unused Assets to reduce memory usage. Loaded Objects now: 3198.
Total: 18.453700 ms (FindLiveObjects: 0.503600 ms CreateObjectMapping: 0.201400 ms MarkObjects: 2.272300 ms  DeleteObjects: 15.474700 ms)

========================================================================
Received Prepare
Registering precompiled user dll's ...
Registered in 0.001514 seconds.
Begin MonoManager ReloadAssembly
Native extension for WindowsStandalone target not found
Refreshing native plugins compatible for Editor in 0.38 ms, found 0 plugins.
Preloading 0 native plugins for Editor in 0.00 ms.
Invoked RoslynAnalysisRunner static constructor.
RoslynAnalysisRunner will not be running.
RoslynAnalysisRunner has terminated.
Mono: successfully reloaded assembly
- Completed reload, in  0.710 seconds
Platform modules already initialized, skipping
Shader 'Universal Render Pipeline/Particles/Lit': fallback shader 'Universal Render Pipeline/Particles/SimpleLit' not found
Shader 'Universal Render Pipeline/Particles/Lit': fallback shader 'Universal Render Pipeline/Particles/SimpleLit' not found
Refreshing native plugins compatible for Editor in 0.39 ms, found 0 plugins.
Preloading 0 native plugins for Editor in 0.00 ms.
Unloading 2462 Unused Serialized files (Serialized files now loaded: 0)
System memory in use before: 139.7 MB.
System memory in use after: 138.7 MB.

Unloading 30 unused Assets to reduce memory usage. Loaded Objects now: 3200.
Total: 5.115400 ms (FindLiveObjects: 0.458000 ms CreateObjectMapping: 0.240200 ms MarkObjects: 3.268300 ms  DeleteObjects: 1.146900 ms)

AssetImportWorkerClient::OnTransportError - code=2 error=End of file
